2022-11-27 21:11:19 DEBUG BasicClientConnectionManager:161 - Get connection for route {}->http://localhost:3000
2022-11-27 21:11:19 DEBUG DefaultClientConnectionOperator:177 - Connecting to localhost:3000
2022-11-27 21:11:19 DEBUG RequestAddCookies:123 - CookieSpec selected: ignoreCookies
2022-11-27 21:11:19 DEBUG RequestAuthCache:77 - Auth cache not set in the context
2022-11-27 21:11:19 DEBUG RequestTargetAuthentication:80 - Target auth state: UNCHALLENGED
2022-11-27 21:11:19 DEBUG RequestProxyAuthentication:89 - Proxy auth state: UNCHALLENGED
2022-11-27 21:11:19 DEBUG DefaultHttpClient:677 - Attempt 1 to execute request
2022-11-27 21:11:19 DEBUG DefaultClientConnection:274 - Sending request: GET /posts HTTP/1.1
2022-11-27 21:11:19 DEBUG wire:73 -  >> "GET /posts HTTP/1.1[\r][\n]"
2022-11-27 21:11:19 DEBUG wire:73 -  >> "Accept: */*[\r][\n]"
2022-11-27 21:11:19 DEBUG wire:73 -  >> "Host: localhost:3000[\r][\n]"
2022-11-27 21:11:19 DEBUG wire:73 -  >> "Connection: Keep-Alive[\r][\n]"
2022-11-27 21:11:19 DEBUG wire:73 -  >> "User-Agent: Apache-HttpClient/4.5.13 (Java/17.0.4.1)[\r][\n]"
2022-11-27 21:11:19 DEBUG wire:73 -  >> "Accept-Encoding: gzip,deflate[\r][\n]"
2022-11-27 21:11:19 DEBUG wire:73 -  >> "[\r][\n]"
2022-11-27 21:11:19 DEBUG headers:278 - >> GET /posts HTTP/1.1
2022-11-27 21:11:19 DEBUG headers:281 - >> Accept: */*
2022-11-27 21:11:19 DEBUG headers:281 - >> Host: localhost:3000
2022-11-27 21:11:19 DEBUG headers:281 - >> Connection: Keep-Alive
2022-11-27 21:11:19 DEBUG headers:281 - >> User-Agent: Apache-HttpClient/4.5.13 (Java/17.0.4.1)
2022-11-27 21:11:19 DEBUG headers:281 - >> Accept-Encoding: gzip,deflate
2022-11-27 21:11:19 DEBUG wire:73 -  << "HTTP/1.1 200 OK[\r][\n]"
2022-11-27 21:11:19 DEBUG wire:73 -  << "X-Powered-By: Express[\r][\n]"
2022-11-27 21:11:19 DEBUG wire:73 -  << "Vary: Origin, Accept-Encoding[\r][\n]"
2022-11-27 21:11:19 DEBUG wire:73 -  << "Access-Control-Allow-Credentials: true[\r][\n]"
2022-11-27 21:11:19 DEBUG wire:73 -  << "Cache-Control: no-cache[\r][\n]"
2022-11-27 21:11:19 DEBUG wire:73 -  << "Pragma: no-cache[\r][\n]"
2022-11-27 21:11:19 DEBUG wire:73 -  << "Expires: -1[\r][\n]"
2022-11-27 21:11:19 DEBUG wire:73 -  << "X-Content-Type-Options: nosniff[\r][\n]"
2022-11-27 21:11:19 DEBUG wire:73 -  << "Content-Type: application/json; charset=utf-8[\r][\n]"
2022-11-27 21:11:19 DEBUG wire:73 -  << "Content-Length: 77[\r][\n]"
2022-11-27 21:11:19 DEBUG wire:73 -  << "ETag: W/"4d-49G7XbVRP2NKipc5uj9Z4hcUq3Y"[\r][\n]"
2022-11-27 21:11:19 DEBUG wire:73 -  << "Date: Sun, 27 Nov 2022 18:11:19 GMT[\r][\n]"
2022-11-27 21:11:19 DEBUG wire:73 -  << "Connection: keep-alive[\r][\n]"
2022-11-27 21:11:19 DEBUG wire:73 -  << "Keep-Alive: timeout=5[\r][\n]"
2022-11-27 21:11:19 DEBUG wire:73 -  << "[\r][\n]"
2022-11-27 21:11:19 DEBUG DefaultClientConnection:259 - Receiving response: HTTP/1.1 200 OK
2022-11-27 21:11:19 DEBUG headers:262 - << HTTP/1.1 200 OK
2022-11-27 21:11:19 DEBUG headers:265 - << X-Powered-By: Express
2022-11-27 21:11:19 DEBUG headers:265 - << Vary: Origin, Accept-Encoding
2022-11-27 21:11:19 DEBUG headers:265 - << Access-Control-Allow-Credentials: true
2022-11-27 21:11:19 DEBUG headers:265 - << Cache-Control: no-cache
2022-11-27 21:11:19 DEBUG headers:265 - << Pragma: no-cache
2022-11-27 21:11:19 DEBUG headers:265 - << Expires: -1
2022-11-27 21:11:19 DEBUG headers:265 - << X-Content-Type-Options: nosniff
2022-11-27 21:11:19 DEBUG headers:265 - << Content-Type: application/json; charset=utf-8
2022-11-27 21:11:19 DEBUG headers:265 - << Content-Length: 77
2022-11-27 21:11:19 DEBUG headers:265 - << ETag: W/"4d-49G7XbVRP2NKipc5uj9Z4hcUq3Y"
2022-11-27 21:11:19 DEBUG headers:265 - << Date: Sun, 27 Nov 2022 18:11:19 GMT
2022-11-27 21:11:19 DEBUG headers:265 - << Connection: keep-alive
2022-11-27 21:11:19 DEBUG headers:265 - << Keep-Alive: timeout=5
2022-11-27 21:11:19 DEBUG DefaultHttpClient:504 - Connection can be kept alive for 5000 MILLISECONDS
2022-11-27 21:11:19 DEBUG RestAssuredHttpBuilder:553 - Parsing response as: application/json; charset=utf-8
2022-11-27 21:11:19 DEBUG RestAssuredHttpBuilder:556 - Parsed data to instance of: class org.apache.http.conn.EofSensorInputStream
2022-11-27 21:11:19 INFO  Log:24 - Login Failed
2022-11-27 21:12:34 DEBUG BasicClientConnectionManager:161 - Get connection for route {}->http://localhost:3000
2022-11-27 21:12:34 DEBUG DefaultClientConnectionOperator:177 - Connecting to localhost:3000
2022-11-27 21:12:34 DEBUG RequestAddCookies:123 - CookieSpec selected: ignoreCookies
2022-11-27 21:12:34 DEBUG RequestAuthCache:77 - Auth cache not set in the context
2022-11-27 21:12:34 DEBUG RequestTargetAuthentication:80 - Target auth state: UNCHALLENGED
2022-11-27 21:12:34 DEBUG RequestProxyAuthentication:89 - Proxy auth state: UNCHALLENGED
2022-11-27 21:12:34 DEBUG DefaultHttpClient:677 - Attempt 1 to execute request
2022-11-27 21:12:34 DEBUG DefaultClientConnection:274 - Sending request: GET /posts HTTP/1.1
2022-11-27 21:12:34 DEBUG wire:73 -  >> "GET /posts HTTP/1.1[\r][\n]"
2022-11-27 21:12:34 DEBUG wire:73 -  >> "Accept: */*[\r][\n]"
2022-11-27 21:12:34 DEBUG wire:73 -  >> "Host: localhost:3000[\r][\n]"
2022-11-27 21:12:34 DEBUG wire:73 -  >> "Connection: Keep-Alive[\r][\n]"
2022-11-27 21:12:34 DEBUG wire:73 -  >> "User-Agent: Apache-HttpClient/4.5.13 (Java/17.0.4.1)[\r][\n]"
2022-11-27 21:12:34 DEBUG wire:73 -  >> "Accept-Encoding: gzip,deflate[\r][\n]"
2022-11-27 21:12:34 DEBUG wire:73 -  >> "[\r][\n]"
2022-11-27 21:12:34 DEBUG headers:278 - >> GET /posts HTTP/1.1
2022-11-27 21:12:34 DEBUG headers:281 - >> Accept: */*
2022-11-27 21:12:34 DEBUG headers:281 - >> Host: localhost:3000
2022-11-27 21:12:34 DEBUG headers:281 - >> Connection: Keep-Alive
2022-11-27 21:12:34 DEBUG headers:281 - >> User-Agent: Apache-HttpClient/4.5.13 (Java/17.0.4.1)
2022-11-27 21:12:34 DEBUG headers:281 - >> Accept-Encoding: gzip,deflate
2022-11-27 21:12:34 DEBUG wire:73 -  << "HTTP/1.1 200 OK[\r][\n]"
2022-11-27 21:12:34 DEBUG wire:73 -  << "X-Powered-By: Express[\r][\n]"
2022-11-27 21:12:34 DEBUG wire:73 -  << "Vary: Origin, Accept-Encoding[\r][\n]"
2022-11-27 21:12:34 DEBUG wire:73 -  << "Access-Control-Allow-Credentials: true[\r][\n]"
2022-11-27 21:12:34 DEBUG wire:73 -  << "Cache-Control: no-cache[\r][\n]"
2022-11-27 21:12:34 DEBUG wire:73 -  << "Pragma: no-cache[\r][\n]"
2022-11-27 21:12:34 DEBUG wire:73 -  << "Expires: -1[\r][\n]"
2022-11-27 21:12:34 DEBUG wire:73 -  << "X-Content-Type-Options: nosniff[\r][\n]"
2022-11-27 21:12:34 DEBUG wire:73 -  << "Content-Type: application/json; charset=utf-8[\r][\n]"
2022-11-27 21:12:34 DEBUG wire:73 -  << "Content-Length: 77[\r][\n]"
2022-11-27 21:12:34 DEBUG wire:73 -  << "ETag: W/"4d-49G7XbVRP2NKipc5uj9Z4hcUq3Y"[\r][\n]"
2022-11-27 21:12:34 DEBUG wire:73 -  << "Date: Sun, 27 Nov 2022 18:12:34 GMT[\r][\n]"
2022-11-27 21:12:34 DEBUG wire:73 -  << "Connection: keep-alive[\r][\n]"
2022-11-27 21:12:34 DEBUG wire:73 -  << "Keep-Alive: timeout=5[\r][\n]"
2022-11-27 21:12:34 DEBUG wire:73 -  << "[\r][\n]"
2022-11-27 21:12:34 DEBUG DefaultClientConnection:259 - Receiving response: HTTP/1.1 200 OK
2022-11-27 21:12:34 DEBUG headers:262 - << HTTP/1.1 200 OK
2022-11-27 21:12:34 DEBUG headers:265 - << X-Powered-By: Express
2022-11-27 21:12:34 DEBUG headers:265 - << Vary: Origin, Accept-Encoding
2022-11-27 21:12:34 DEBUG headers:265 - << Access-Control-Allow-Credentials: true
2022-11-27 21:12:34 DEBUG headers:265 - << Cache-Control: no-cache
2022-11-27 21:12:34 DEBUG headers:265 - << Pragma: no-cache
2022-11-27 21:12:34 DEBUG headers:265 - << Expires: -1
2022-11-27 21:12:34 DEBUG headers:265 - << X-Content-Type-Options: nosniff
2022-11-27 21:12:34 DEBUG headers:265 - << Content-Type: application/json; charset=utf-8
2022-11-27 21:12:34 DEBUG headers:265 - << Content-Length: 77
2022-11-27 21:12:34 DEBUG headers:265 - << ETag: W/"4d-49G7XbVRP2NKipc5uj9Z4hcUq3Y"
2022-11-27 21:12:34 DEBUG headers:265 - << Date: Sun, 27 Nov 2022 18:12:34 GMT
2022-11-27 21:12:34 DEBUG headers:265 - << Connection: keep-alive
2022-11-27 21:12:34 DEBUG headers:265 - << Keep-Alive: timeout=5
2022-11-27 21:12:34 DEBUG DefaultHttpClient:504 - Connection can be kept alive for 5000 MILLISECONDS
2022-11-27 21:12:34 DEBUG RestAssuredHttpBuilder:553 - Parsing response as: application/json; charset=utf-8
2022-11-27 21:12:34 DEBUG RestAssuredHttpBuilder:556 - Parsed data to instance of: class org.apache.http.conn.EofSensorInputStream
2022-11-27 21:12:34 DEBUG cache:45 - Couldn't find template in cache for "v3html/v3-html-index.ftl"("en", UTF-8, parsed); will try to load it.
2022-11-27 21:12:34 DEBUG cache:45 - TemplateLoader.findTemplateSource("v3html/v3-html-index_en.ftl"): Not found
2022-11-27 21:12:34 DEBUG cache:45 - TemplateLoader.findTemplateSource("v3html/v3-html-index.ftl"): Found
2022-11-27 21:12:34 DEBUG cache:45 - Loading template for "v3html/v3-html-index.ftl"("en", UTF-8, parsed) from "jar:file:/C:/Users/Sprintive/.m2/repository/com/aventstack/extentreports/4.0.9/extentreports-4.0.9.jar!/com/aventstack/extentreports/view/v3html/v3-html-index.ftl"
2022-11-27 21:12:34 DEBUG cache:45 - Couldn't find template in cache for "v3html/v3-html-head.ftl"("en", UTF-8, parsed); will try to load it.
2022-11-27 21:12:34 DEBUG cache:45 - TemplateLoader.findTemplateSource("v3html/v3-html-head_en.ftl"): Not found
2022-11-27 21:12:34 DEBUG cache:45 - TemplateLoader.findTemplateSource("v3html/v3-html-head.ftl"): Found
2022-11-27 21:12:34 DEBUG cache:45 - Loading template for "v3html/v3-html-head.ftl"("en", UTF-8, parsed) from "jar:file:/C:/Users/Sprintive/.m2/repository/com/aventstack/extentreports/4.0.9/extentreports-4.0.9.jar!/com/aventstack/extentreports/view/v3html/v3-html-head.ftl"
2022-11-27 21:12:34 DEBUG cache:45 - Couldn't find template in cache for "v3html/v3-html-nav.ftl"("en", UTF-8, parsed); will try to load it.
2022-11-27 21:12:34 DEBUG cache:45 - TemplateLoader.findTemplateSource("v3html/v3-html-nav_en.ftl"): Not found
2022-11-27 21:12:34 DEBUG cache:45 - TemplateLoader.findTemplateSource("v3html/v3-html-nav.ftl"): Found
2022-11-27 21:12:34 DEBUG cache:45 - Loading template for "v3html/v3-html-nav.ftl"("en", UTF-8, parsed) from "jar:file:/C:/Users/Sprintive/.m2/repository/com/aventstack/extentreports/4.0.9/extentreports-4.0.9.jar!/com/aventstack/extentreports/view/v3html/v3-html-nav.ftl"
2022-11-27 21:12:34 DEBUG cache:45 - Couldn't find template in cache for "v3html/test-view/v3-html-test-view.ftl"("en", UTF-8, parsed); will try to load it.
2022-11-27 21:12:34 DEBUG cache:45 - TemplateLoader.findTemplateSource("v3html/test-view/v3-html-test-view_en.ftl"): Not found
2022-11-27 21:12:34 DEBUG cache:45 - TemplateLoader.findTemplateSource("v3html/test-view/v3-html-test-view.ftl"): Found
2022-11-27 21:12:34 DEBUG cache:45 - Loading template for "v3html/test-view/v3-html-test-view.ftl"("en", UTF-8, parsed) from "jar:file:/C:/Users/Sprintive/.m2/repository/com/aventstack/extentreports/4.0.9/extentreports-4.0.9.jar!/com/aventstack/extentreports/view/v3html/test-view/v3-html-test-view.ftl"
2022-11-27 21:12:34 DEBUG cache:45 - Couldn't find template in cache for "v3html/test-view/v3-html-test-view-charts.ftl"("en", UTF-8, parsed); will try to load it.
2022-11-27 21:12:34 DEBUG cache:45 - TemplateLoader.findTemplateSource("v3html/test-view/v3-html-test-view-charts_en.ftl"): Not found
2022-11-27 21:12:34 DEBUG cache:45 - TemplateLoader.findTemplateSource("v3html/test-view/v3-html-test-view-charts.ftl"): Found
2022-11-27 21:12:34 DEBUG cache:45 - Loading template for "v3html/test-view/v3-html-test-view-charts.ftl"("en", UTF-8, parsed) from "jar:file:/C:/Users/Sprintive/.m2/repository/com/aventstack/extentreports/4.0.9/extentreports-4.0.9.jar!/com/aventstack/extentreports/view/v3html/test-view/v3-html-test-view-charts.ftl"
2022-11-27 21:12:34 DEBUG cache:45 - Couldn't find template in cache for "v3html/test-view/v3-html-standard.ftl"("en", UTF-8, parsed); will try to load it.
2022-11-27 21:12:34 DEBUG cache:45 - TemplateLoader.findTemplateSource("v3html/test-view/v3-html-standard_en.ftl"): Not found
2022-11-27 21:12:34 DEBUG cache:45 - TemplateLoader.findTemplateSource("v3html/test-view/v3-html-standard.ftl"): Found
2022-11-27 21:12:34 DEBUG cache:45 - Loading template for "v3html/test-view/v3-html-standard.ftl"("en", UTF-8, parsed) from "jar:file:/C:/Users/Sprintive/.m2/repository/com/aventstack/extentreports/4.0.9/extentreports-4.0.9.jar!/com/aventstack/extentreports/view/v3html/test-view/v3-html-standard.ftl"
2022-11-27 21:12:34 DEBUG cache:45 - Couldn't find template in cache for "v3html/category-view/v3-html-category-view.ftl"("en", UTF-8, parsed); will try to load it.
2022-11-27 21:12:34 DEBUG cache:45 - TemplateLoader.findTemplateSource("v3html/category-view/v3-html-category-view_en.ftl"): Not found
2022-11-27 21:12:34 DEBUG cache:45 - TemplateLoader.findTemplateSource("v3html/category-view/v3-html-category-view.ftl"): Found
2022-11-27 21:12:34 DEBUG cache:45 - Loading template for "v3html/category-view/v3-html-category-view.ftl"("en", UTF-8, parsed) from "jar:file:/C:/Users/Sprintive/.m2/repository/com/aventstack/extentreports/4.0.9/extentreports-4.0.9.jar!/com/aventstack/extentreports/view/v3html/category-view/v3-html-category-view.ftl"
2022-11-27 21:12:34 DEBUG cache:45 - Couldn't find template in cache for "v3html/exception-view/v3-html-exception-view.ftl"("en", UTF-8, parsed); will try to load it.
2022-11-27 21:12:34 DEBUG cache:45 - TemplateLoader.findTemplateSource("v3html/exception-view/v3-html-exception-view_en.ftl"): Not found
2022-11-27 21:12:34 DEBUG cache:45 - TemplateLoader.findTemplateSource("v3html/exception-view/v3-html-exception-view.ftl"): Found
2022-11-27 21:12:34 DEBUG cache:45 - Loading template for "v3html/exception-view/v3-html-exception-view.ftl"("en", UTF-8, parsed) from "jar:file:/C:/Users/Sprintive/.m2/repository/com/aventstack/extentreports/4.0.9/extentreports-4.0.9.jar!/com/aventstack/extentreports/view/v3html/exception-view/v3-html-exception-view.ftl"
2022-11-27 21:12:34 DEBUG cache:45 - Couldn't find template in cache for "v3html/author-view/v3-html-author-view.ftl"("en", UTF-8, parsed); will try to load it.
2022-11-27 21:12:34 DEBUG cache:45 - TemplateLoader.findTemplateSource("v3html/author-view/v3-html-author-view_en.ftl"): Not found
2022-11-27 21:12:34 DEBUG cache:45 - TemplateLoader.findTemplateSource("v3html/author-view/v3-html-author-view.ftl"): Found
2022-11-27 21:12:34 DEBUG cache:45 - Loading template for "v3html/author-view/v3-html-author-view.ftl"("en", UTF-8, parsed) from "jar:file:/C:/Users/Sprintive/.m2/repository/com/aventstack/extentreports/4.0.9/extentreports-4.0.9.jar!/com/aventstack/extentreports/view/v3html/author-view/v3-html-author-view.ftl"
2022-11-27 21:12:34 DEBUG cache:45 - Couldn't find template in cache for "v3html/dashboard-view/v3-html-dashboard-view.ftl"("en", UTF-8, parsed); will try to load it.
2022-11-27 21:12:34 DEBUG cache:45 - TemplateLoader.findTemplateSource("v3html/dashboard-view/v3-html-dashboard-view_en.ftl"): Not found
2022-11-27 21:12:34 DEBUG cache:45 - TemplateLoader.findTemplateSource("v3html/dashboard-view/v3-html-dashboard-view.ftl"): Found
2022-11-27 21:12:34 DEBUG cache:45 - Loading template for "v3html/dashboard-view/v3-html-dashboard-view.ftl"("en", UTF-8, parsed) from "jar:file:/C:/Users/Sprintive/.m2/repository/com/aventstack/extentreports/4.0.9/extentreports-4.0.9.jar!/com/aventstack/extentreports/view/v3html/dashboard-view/v3-html-dashboard-view.ftl"
2022-11-27 21:12:34 DEBUG cache:45 - Couldn't find template in cache for "v3html/logs-view/v3-html-testrunner-logs-view.ftl"("en", UTF-8, parsed); will try to load it.
2022-11-27 21:12:34 DEBUG cache:45 - TemplateLoader.findTemplateSource("v3html/logs-view/v3-html-testrunner-logs-view_en.ftl"): Not found
2022-11-27 21:12:34 DEBUG cache:45 - TemplateLoader.findTemplateSource("v3html/logs-view/v3-html-testrunner-logs-view.ftl"): Found
2022-11-27 21:12:34 DEBUG cache:45 - Loading template for "v3html/logs-view/v3-html-testrunner-logs-view.ftl"("en", UTF-8, parsed) from "jar:file:/C:/Users/Sprintive/.m2/repository/com/aventstack/extentreports/4.0.9/extentreports-4.0.9.jar!/com/aventstack/extentreports/view/v3html/logs-view/v3-html-testrunner-logs-view.ftl"
